<?xml version="1.0" encoding="utf-8"?><testsuites name="pytest tests"><testsuite name="pytest" errors="0" failures="0" skipped="1" tests="25" time="746.599" timestamp="2025-11-17T09:59:53.284195+01:00" hostname="LAPTOP-O20GS0K0"><testcase classname="Tests.test_cart" name="test_cart" time="13.307" /><testcase classname="Tests.test_cart" name="test_checkout_button" time="12.934"><skipped type="pytest.skip" message="Cart is empty, needs at least one item to checkout">C:\Users\manjo\OneDrive\Desktop\gen_Test\POM\Tests\test_cart.py:16: Cart is empty, needs at least one item to checkout</skipped></testcase><testcase classname="Tests.test_cart" name="test_continueshopping_button" time="13.098" /><testcase classname="Tests.test_checkout" name="test_checkout_one" time="15.001" /><testcase classname="Tests.test_checkout" name="test_cancel" time="17.164" /><testcase classname="Tests.test_checkout" name="test_checkout_two" time="16.989" /><testcase classname="Tests.test_checkout" name="test_checkout_complete" time="20.263" /><testcase classname="Tests.test_checkout" name="test_home_page" time="9.786" /><testcase classname="Tests.test_filters" name="test_filters" time="9.120" /><testcase classname="Tests.test_home_items" name="test_home_items[[data-test=&quot;add-to-cart-sauce-labs-backpack&quot;]]" time="9.042" /><testcase classname="Tests.test_home_items" name="test_home_items[[data-test=&quot;add-to-cart-sauce-labs-bike-light&quot;]]" time="9.002" /><testcase classname="Tests.test_home_items" name="test_home_items[[data-test=&quot;add-to-cart-sauce-labs-bolt-t-shirt&quot;]]" time="9.139" /><testcase classname="Tests.test_home_items" name="test_home_items[[data-test=&quot;add-to-cart-sauce-labs-fleece-jacket&quot;]]" time="12.829" /><testcase classname="Tests.test_home_items" name="test_home_items[[data-test=&quot;add-to-cart-sauce-labs-onesie&quot;]]" time="13.001" /><testcase classname="Tests.test_home_items" name="test_home_items[[data-test=&quot;add-to-cart-test.allthethings()-t-shirt-(red)&quot;]]" time="12.932" /><testcase classname="Tests.test_items" name="test_items[[data-test=&quot;item-4-title-link&quot;]]" time="12.644" /><testcase classname="Tests.test_items" name="test_items[[data-test=&quot;item-0-title-link&quot;]]" time="12.212" /><testcase classname="Tests.test_items" name="test_items[[data-test=&quot;item-1-title-link&quot;]]" time="17.071" /><testcase classname="Tests.test_items" name="test_items[[data-test=&quot;item-5-title-link&quot;]]" time="17.031" /><testcase classname="Tests.test_items" name="test_items[[data-test=&quot;item-2-title-link&quot;]]" time="12.479" /><testcase classname="Tests.test_items" name="test_items[[data-test=&quot;item-3-title-link&quot;]]" time="17.327" /><testcase classname="Tests.test_login" name="test_login" time="9.347" /><testcase classname="Tests.test_menu" name="test_menu_button" time="17.065" /><testcase classname="Tests.test_menu_tabs" name="test_menu_tabs" time="13.153" /><testcase classname="Tests.test_open_browser" name="test_open_browser" time="8.878" /></testsuite></testsuites>